
          -------------------------------------------------------
          Amber 20 SANDER                              2020
          -------------------------------------------------------

| Run on 07/24/2020 at 20:04:27

|   Executable path: /home/packages/amber20//bin/sander
| Working directory: /home/amberuser/tutorialnew
|          Hostname: Unknown
  [-O]verwriting output

File Assignments:
|  MDIN: 02_Heat.in                                                            
| MDOUT: 02_Heat.out                                                           
|INPCRD: 01_Min.ncrst                                                          
|  PARM: parm7                                                                 
|RESTRT: 02_Heat.ncrst                                                         
|  REFC: refc                                                                  
| MDVEL: mdvel                                                                 
| MDFRC: mdfrc                                                                 
|  MDEN: mden                                                                  
| MDCRD: 02_Heat.nc                                                            
|MDINFO: 02_Heat.mdinfo                                                        
|  MTMD: mtmd                                                                  
|INPDIP: inpdip                                                                
|RSTDIP: rstdip                                                                
|INPTRA: inptraj                                                               


 Here is the input file:

Heat                                                                           
 &cntrl                                                                        
  imin=0,                                                                      
  ntx=1,                                                                       
  irest=0,                                                                     
  nstlim=10000,                                                                
  dt=0.002,                                                                    
  ntf=2,                                                                       
  ntc=2,                                                                       
  tempi=0.0,                                                                   
  temp0=300.0,                                                                 
  ntpr=100,                                                                    
  ntwx=100,                                                                    
  cut=8.0,                                                                     
  ntb=1,                                                                       
  ntp=0,                                                                       
  ntt=3,                                                                       
  gamma_ln=2.0,                                                                
  nmropt=1,                                                                    
  ig=-1,                                                                       
 /                                                                             
&wt type='TEMP0', istep1=0, istep2=9000, value1=0.0, value2=300.0 /            
&wt type='TEMP0', istep1=9001, istep2=10000, value1=300.0, value2=300.0 /      
&wt type='END' /                                                               
                                                                               

--------------------------------------------------------------------------------
   1.  RESOURCE   USE: 
--------------------------------------------------------------------------------

| Flags:                                                                        
 getting box info from netcdf restart file
| NetCDF restart box info found
|Largest sphere to fit in unit cell has radius =    13.132
| New format PARM file being parsed.
| Version =    1.000 Date = 07/24/20 Time = 19:44:20
 NATOM  =    2818 NTYPES =      10 NBONH =    2109 MBONA  =     708
 NTHETH =      25 MTHETA =      11 NPHIH =      43 MPHIA  =      24
 NHPARM =       0 NPARM  =       0 NNB   =    4992 NRES   =     702
 NBONA  =     708 NTHETA =      11 NPHIA =      24 NUMBND =      14
 NUMANG =      21 NPTRA  =      14 NATYP =      11 NPHB   =       1
 IFBOX  =       2 NMXRS  =      10 IFCAP =       0 NEXTRA =     699
 NCOPY  =       0

| CMAP information read from topology file: 

|     Memory Use     Allocated
|     Real              776967
|     Hollerith           9158
|     Integer            99441
|     Max Pairs        1127200
|     nblistReal         33816
|     nblist Int         98259
|       Total            11545 kbytes

| Note: 1-4 EEL scale factors are being read from the topology file.

| Note: 1-4 VDW scale factors are being read from the topology file.
| Duplicated    0 dihedrals
| Duplicated    0 dihedrals
|CMAP: Reticulating splines.

     BOX TYPE: TRUNCATED OCTAHEDRON
Note: ig = -1. Setting random seed to   424289 based on wallclock time in microseconds.

--------------------------------------------------------------------------------
   2.  CONTROL  DATA  FOR  THE  RUN
--------------------------------------------------------------------------------

ACE                                                                             

General flags:
     imin    =       0, nmropt  =       1

Nature and format of input:
     ntx     =       1, irest   =       0, ntrx    =       1

Nature and format of output:
     ntxo    =       2, ntpr    =     100, ntrx    =       1, ntwr    =   10000
     iwrap   =       0, ntwx    =     100, ntwv    =       0, ntwe    =       0
     ioutfm  =       1, ntwprt  =       0, idecomp =       0, rbornstat=      0

Potential function:
     ntf     =       2, ntb     =       1, igb     =       0, nsnb    =      25
     ipol    =       0, gbsa    =       0, iesp    =       0
     dielc   =   1.00000, cut     =   8.00000, intdiel =   1.00000

Frozen or restrained atoms:
     ibelly  =       0, ntr     =       0

Molecular dynamics:
     nstlim  =     10000, nscm    =      1000, nrespa  =         1
     t       =   0.00000, dt      =   0.00200, vlimit  =  20.00000

Langevin dynamics temperature regulation:
     ig      =  424289
     temp0   = 300.00000, tempi   =   0.00000, gamma_ln=   2.00000

SHAKE:
     ntc     =       2, jfastw  =       0
     tol     =   0.00001

NMR refinement options:
     iscale  =       0, noeskp  =       1, ipnlty  =       1, mxsub   =       1
     scalm   = 100.00000, pencut  =   0.10000, tausw   =   0.10000

Extra-points options:
     frameon =       1, chngmask=       1

Ewald parameters:
     verbose =       0, ew_type =       0, nbflag  =       1, use_pme =       1
     vdwmeth =       1, eedmeth =       1, netfrc  =       1
     Box X =   32.168   Box Y =   32.168   Box Z =   32.168
     Alpha =  109.471   Beta  =  109.471   Gamma =  109.471
     NFFT1 =   32       NFFT2 =   32       NFFT3 =   32
     Cutoff=    8.000   Tol   =0.100E-04
     Ewald Coefficient =  0.34864
     Interpolation order =    4
|      EXTRA_PTS, trim_bonds: num bonds BEFORE trim =  2109     0
|      EXTRA_PTS, trim_bonds: num bonds AFTER  trim =  2109     0
|      EXTRA_PTS, trim_bonds: num bonds BEFORE trim =   708     0
|      EXTRA_PTS, trim_bonds: num bonds AFTER  trim =     9     0
|      EXTRA_PTS, trim_theta: num angle BEFORE trim =    25     0
|      EXTRA_PTS, trim_theta: num angle AFTER  trim =    25     0
|      EXTRA_PTS, trim_theta: num angle BEFORE trim =    11     0
|      EXTRA_PTS, trim_theta: num angle AFTER  trim =    11     0
|      EXTRA_PTS, trim_phi:  num diheds BEFORE trim =    43     0
|      EXTRA_PTS, trim_phi:  num diheds AFTER  trim =    43     0
|      EXTRA_PTS, trim_phi:  num diheds BEFORE trim =    24     0
|      EXTRA_PTS, trim_phi:  num diheds AFTER  trim =    24     0
|  INFO: Old style inpcrd file read


--------------------------------------------------------------------------------
   3.  ATOMIC COORDINATES AND VELOCITIES
--------------------------------------------------------------------------------

ACE                                                                             
 begin time read from input coords =     0.000 ps



           Begin reading energy term weight changes/NMR restraints
 WEIGHT CHANGES:
 TEMP0         0   9000    0.000000  300.000000      0      0
 TEMP0      9001  10000  300.000000  300.000000      0      0

 RESTRAINTS:
                          ** No restraint defined **

                  Done reading weight changes/NMR restraints


 Number of triangulated 3-point waters found:      699

     Sum of charges from parm topology file =   0.00000384
     Forcing neutrality...

--------------------------------------------------------------------------------
   4.  RESULTS
--------------------------------------------------------------------------------

|  # of SOLUTE  degrees of freedom (RNDFP):    6345.
|  # of SOLVENT degrees of freedom (RNDFS):       0.
|  NDFMIN =    6345.     NUM_NOSHAKE =      0     CORRECTED RNDFP =    6345.
|  TOTAL # of degrees of freedom (RNDF) =    6345.
 ---------------------------------------------------
 APPROXIMATING switch and d/dx switch using CUBIC SPLINE INTERPOLATION
 using   5000.0 points per unit in tabled values
 TESTING RELATIVE ERROR over r ranging from 0.0 to cutoff
| CHECK switch(x): max rel err =   0.2738E-14   at   2.422500
| CHECK d/dx switch(x): max rel err =   0.8332E-11   at   2.782960
 ---------------------------------------------------
| Local SIZE OF NONBOND LIST =     648951
| TOTAL SIZE OF NONBOND LIST =     648951

 NSTEP =        0   TIME(PS) =       0.000  TEMP(K) =     0.00  PRESS =     0.0
 Etot   =    -13765.1143  EKtot   =         0.0000  EPtot      =    -13765.1143
 BOND   =         0.5377  ANGLE   =         0.9280  DIHED      =         2.5614
 1-4 NB =         3.3233  1-4 EEL =        46.4105  VDWAALS    =      2714.9879
 EELEC  =    -16533.3165  EHBOND  =         0.0000  RESTRAINT  =         0.0000
 CMAP   =        -0.5466
 Ewald error estimate:   0.7197E-03
 ------------------------------------------------------------------------------

 NMR restraints: Bond =    0.000   Angle =     0.000   Torsion =     0.000
===============================================================================

 NSTEP =      100   TIME(PS) =       0.200  TEMP(K) =    27.68  PRESS =     0.0
 Etot   =     -9414.7754  EKtot   =       116.8128  EPtot      =     -9531.5881
 BOND   =         0.4569  ANGLE   =         0.6744  DIHED      =         2.5912
 1-4 NB =         3.3112  1-4 EEL =        46.9674  VDWAALS    =      1355.4115
 EELEC  =    -10940.6033  EHBOND  =         0.0000  RESTRAINT  =         0.0000
 CMAP   =        -0.3974
 Ewald error estimate:   0.5310E-04
 ------------------------------------------------------------------------------

 NMR restraints: Bond =    0.000   Angle =     0.000   Torsion =     0.000
===============================================================================

 NSTEP =      200   TIME(PS) =       0.400  TEMP(K) =    26.84  PRESS =     0.0
 Etot   =     -9498.4189  EKtot   =       113.3050  EPtot      =     -9611.7239
 BOND   =         0.5240  ANGLE   =         0.7285  DIHED      =         2.7711
 1-4 NB =         2.7630  1-4 EEL =        46.0512  VDWAALS    =      1595.4063
 EELEC  =    -11259.6615  EHBOND  =         0.0000  RESTRAINT  =         0.0000
 CMAP   =        -0.3064
 Ewald error estimate:   0.3644E-03
 ------------------------------------------------------------------------------

 NMR restraints: Bond =    0.000   Angle =     0.000   Torsion =     0.000
===============================================================================

 NSTEP =      300   TIME(PS) =       0.600  TEMP(K) =    24.94  PRESS =     0.0
 Etot   =     -9558.9215  EKtot   =       105.2489  EPtot      =     -9664.1704
 BOND   =         0.5317  ANGLE   =         0.7272  DIHED      =         2.6480
 1-4 NB =         3.0273  1-4 EEL =        46.8744  VDWAALS    =      1555.3700
 EELEC  =    -11272.8627  EHBOND  =         0.0000  RESTRAINT  =         0.0000
 CMAP   =        -0.4862
 Ewald error estimate:   0.4318E-03
 ------------------------------------------------------------------------------

 NMR restraints: Bond =    0.000   Angle =     0.000   Torsion =     0.000
===============================================================================

 NSTEP =      400   TIME(PS) =       0.800  TEMP(K) =    21.97  PRESS =     0.0
 Etot   =     -9603.8471  EKtot   =        92.7198  EPtot      =     -9696.5669
 BOND   =         0.6468  ANGLE   =         1.2943  DIHED      =         2.6554
 1-4 NB =         2.7305  1-4 EEL =        45.2515  VDWAALS    =      1584.6065
 EELEC  =    -11333.3672  EHBOND  =         0.0000  RESTRAINT  =         0.0000
 CMAP   =        -0.3847
 Ewald error estimate:   0.5781E-03
 ------------------------------------------------------------------------------

 NMR restraints: Bond =    0.000   Angle =     0.000   Torsion =     0.000
===============================================================================

 NSTEP =      500   TIME(PS) =       1.000  TEMP(K) =    22.80  PRESS =     0.0
 Etot   =     -9628.6611  EKtot   =        96.2513  EPtot      =     -9724.9124
 BOND   =         0.4931  ANGLE   =         0.9852  DIHED      =         2.9823
 1-4 NB =         3.0568  1-4 EEL =        46.0346  VDWAALS    =      1579.9592
 EELEC  =    -11357.9162  EHBOND  =         0.0000  RESTRAINT  =         0.0000
 CMAP   =        -0.5073
 Ewald error estimate:   0.3863E-03
 ------------------------------------------------------------------------------

 NMR restraints: Bond =    0.000   Angle =     0.000   Torsion =     0.000
===============================================================================

 NSTEP =      600   TIME(PS) =       1.200  TEMP(K) =    21.83  PRESS =     0.0
 Etot   =     -9646.6330  EKtot   =        92.1565  EPtot      =     -9738.7895
 BOND   =         0.7013  ANGLE   =         1.0151  DIHED      =         3.1943
 1-4 NB =         3.2264  1-4 EEL =        46.6593  VDWAALS    =      1609.2861
 EELEC  =    -11402.2986  EHBOND  =         0.0000  RESTRAINT  =         0.0000
 CMAP   =        -0.5735
 Ewald error estimate:   0.2756E-03
 ------------------------------------------------------------------------------

 NMR restraints: Bond =    0.000   Angle =     0.000   Torsion =     0.000
===============================================================================

 NSTEP =      700   TIME(PS) =       1.400  TEMP(K) =    24.20  PRESS =     0.0
 Etot   =     -9653.3054  EKtot   =       102.1372  EPtot      =     -9755.4426
 BOND   =         0.5923  ANGLE   =         1.3949  DIHED      =         2.5613
 1-4 NB =         3.1772  1-4 EEL =        46.4075  VDWAALS    =      1592.5057
 EELEC  =    -11401.6411  EHBOND  =         0.0000  RESTRAINT  =         0.0000
 CMAP   =        -0.4405
 Ewald error estimate:   0.8256E-03
 ------------------------------------------------------------------------------

 NMR restraints: Bond =    0.000   Angle =     0.000   Torsion =     0.000
===============================================================================

 NSTEP =      800   TIME(PS) =       1.600  TEMP(K) =    25.40  PRESS =     0.0
 Etot   =     -9650.8259  EKtot   =       107.2250  EPtot      =     -9758.0509
 BOND   =         0.4015  ANGLE   =         1.1783  DIHED      =         2.8047
 1-4 NB =         3.2682  1-4 EEL =        47.3720  VDWAALS    =      1572.9246
 EELEC  =    -11385.5194  EHBOND  =         0.0000  RESTRAINT  =         0.0000
 CMAP   =        -0.4807
 Ewald error estimate:   0.3020E-03
 ------------------------------------------------------------------------------

 NMR restraints: Bond =    0.000   Angle =     0.000   Torsion =     0.000
===============================================================================

 NSTEP =      900   TIME(PS) =       1.800  TEMP(K) =    27.92  PRESS =     0.0
 Etot   =     -9645.4895  EKtot   =       117.8251  EPtot      =     -9763.3146
 BOND   =         1.0094  ANGLE   =         1.2791  DIHED      =         2.5997
 1-4 NB =         2.7743  1-4 EEL =        45.6347  VDWAALS    =      1569.2201
 EELEC  =    -11385.3520  EHBOND  =         0.0000  RESTRAINT  =         0.0000
 CMAP   =        -0.4798
 Ewald error estimate:   0.3587E-04
 ------------------------------------------------------------------------------

 NMR restraints: Bond =    0.000   Angle =     0.000   Torsion =     0.000
===============================================================================

 NSTEP =     1000   TIME(PS) =       2.000  TEMP(K) =    30.80  PRESS =     0.0
 Etot   =     -9636.4025  EKtot   =       130.0070  EPtot      =     -9766.4095
 BOND   =         0.5896  ANGLE   =         1.6788  DIHED      =         2.6834
 1-4 NB =         2.8404  1-4 EEL =        45.1563  VDWAALS    =      1584.9308
 EELEC  =    -11403.7559  EHBOND  =         0.0000  RESTRAINT  =         0.0000
 CMAP   =        -0.5328
 Ewald error estimate:   0.4716E-03
 ------------------------------------------------------------------------------

 NMR restraints: Bond =    0.000   Angle =     0.000   Torsion =     0.000
===============================================================================

 NSTEP =     1100   TIME(PS) =       2.200  TEMP(K) =    33.70  PRESS =     0.0
 Etot   =     -9623.2642  EKtot   =       142.2603  EPtot      =     -9765.5245
 BOND   =         0.7701  ANGLE   =         1.8934  DIHED      =         2.8721
 1-4 NB =         2.8207  1-4 EEL =        46.3045  VDWAALS    =      1535.5067
 EELEC  =    -11355.1347  EHBOND  =         0.0000  RESTRAINT  =         0.0000
 CMAP   =        -0.5574
 Ewald error estimate:   0.3352E-03
 ------------------------------------------------------------------------------

 NMR restraints: Bond =    0.000   Angle =     0.000   Torsion =     0.000
===============================================================================

 NSTEP =     1200   TIME(PS) =       2.400  TEMP(K) =    36.72  PRESS =     0.0
 Etot   =     -9611.3177  EKtot   =       154.9790  EPtot      =     -9766.2967
 BOND   =         0.8109  ANGLE   =         1.2807  DIHED      =         2.7267
 1-4 NB =         3.3842  1-4 EEL =        46.7935  VDWAALS    =      1572.4254
 EELEC  =    -11393.1517  EHBOND  =         0.0000  RESTRAINT  =         0.0000
 CMAP   =        -0.5665
 Ewald error estimate:   0.1278E-02
 ------------------------------------------------------------------------------

 NMR restraints: Bond =    0.000   Angle =     0.000   Torsion =     0.000
===============================================================================

 NSTEP =     1300   TIME(PS) =       2.600  TEMP(K) =    38.71  PRESS =     0.0
 Etot   =     -9597.2460  EKtot   =       163.3761  EPtot      =     -9760.6221
 BOND   =         1.4527  ANGLE   =         1.8637  DIHED      =         3.1754
 1-4 NB =         2.4417  1-4 EEL =        44.8961  VDWAALS    =      1572.9246
 EELEC  =    -11386.8244  EHBOND  =         0.0000  RESTRAINT  =         0.0000
 CMAP   =        -0.5518
 Ewald error estimate:   0.1490E-03
 ------------------------------------------------------------------------------

 NMR restraints: Bond =    0.000   Angle =     0.000   Torsion =     0.000
===============================================================================

 NSTEP =     1400   TIME(PS) =       2.800  TEMP(K) =    40.73  PRESS =     0.0
 Etot   =     -9586.4297  EKtot   =       171.8927  EPtot      =     -9758.3223
 BOND   =         0.8479  ANGLE   =         2.0364  DIHED      =         2.9953
 1-4 NB =         3.0841  1-4 EEL =        46.3836  VDWAALS    =      1549.2517
 EELEC  =    -11362.5091  EHBOND  =         0.0000  RESTRAINT  =         0.0000
 CMAP   =        -0.4122
 Ewald error estimate:   0.6566E-03
 ------------------------------------------------------------------------------

 NMR restraints: Bond =    0.000   Angle =     0.000   Torsion =     0.000
===============================================================================

 NSTEP =     1500   TIME(PS) =       3.000  TEMP(K) =    43.27  PRESS =     0.0
 Etot   =     -9564.0597  EKtot   =       182.6467  EPtot      =     -9746.7064
 BOND   =         1.1151  ANGLE   =         1.8727  DIHED      =         3.1166
 1-4 NB =         3.0321  1-4 EEL =        46.3157  VDWAALS    =      1582.4351
 EELEC  =    -11384.0497  EHBOND  =         0.0000  RESTRAINT  =         0.0000
 CMAP   =        -0.5439
 Ewald error estimate:   0.5442E-03
 ------------------------------------------------------------------------------

 NMR restraints: Bond =    0.000   Angle =     0.000   Torsion =     0.000
===============================================================================

 NSTEP =     1600   TIME(PS) =       3.200  TEMP(K) =    46.12  PRESS =     0.0
 Etot   =     -9550.9284  EKtot   =       194.6554  EPtot      =     -9745.5839
 BOND   =         0.8306  ANGLE   =         2.5089  DIHED      =         2.8362
 1-4 NB =         2.6826  1-4 EEL =        44.8803  VDWAALS    =      1552.2280
 EELEC  =    -11351.0955  EHBOND  =         0.0000  RESTRAINT  =         0.0000
 CMAP   =        -0.4551
 Ewald error estimate:   0.6016E-03
 ------------------------------------------------------------------------------

 NMR restraints: Bond =    0.000   Angle =     0.000   Torsion =     0.000
===============================================================================

 NSTEP =     1700   TIME(PS) =       3.400  TEMP(K) =    49.67  PRESS =     0.0
 Etot   =     -9526.4159  EKtot   =       209.6389  EPtot      =     -9736.0548
 BOND   =         1.1478  ANGLE   =         1.6485  DIHED      =         3.8049
 1-4 NB =         2.8263  1-4 EEL =        45.7029  VDWAALS    =      1546.6421
 EELEC  =    -11337.3196  EHBOND  =         0.0000  RESTRAINT  =         0.0000
 CMAP   =        -0.5078
 Ewald error estimate:   0.9890E-04
 ------------------------------------------------------------------------------

 NMR restraints: Bond =    0.000   Angle =     0.000   Torsion =     0.000
===============================================================================

 NSTEP =     1800   TIME(PS) =       3.600  TEMP(K) =    50.87  PRESS =     0.0
 Etot   =     -9509.2972  EKtot   =       214.7228  EPtot      =     -9724.0200
 BOND   =         0.9920  ANGLE   =         1.8955  DIHED      =         3.7795
 1-4 NB =         3.6722  1-4 EEL =        47.0300  VDWAALS    =      1552.3122
 EELEC  =    -11333.3131  EHBOND  =         0.0000  RESTRAINT  =         0.0000
 CMAP   =        -0.3882
 Ewald error estimate:   0.1259E-03
 ------------------------------------------------------------------------------

 NMR restraints: Bond =    0.000   Angle =     0.000   Torsion =     0.000
===============================================================================

 NSTEP =     1900   TIME(PS) =       3.800  TEMP(K) =    56.22  PRESS =     0.0
 Etot   =     -9482.7546  EKtot   =       237.2991  EPtot      =     -9720.0537
 BOND   =         2.3294  ANGLE   =         2.4906  DIHED      =         2.9582
 1-4 NB =         2.5490  1-4 EEL =        45.3205  VDWAALS    =      1575.9651
 EELEC  =    -11351.2234  EHBOND  =         0.0000  RESTRAINT  =         0.0000
 CMAP   =        -0.4431
 Ewald error estimate:   0.2223E-03
 ------------------------------------------------------------------------------

 NMR restraints: Bond =    0.000   Angle =     0.000   Torsion =     0.000
===============================================================================

 NSTEP =     2000   TIME(PS) =       4.000  TEMP(K) =    58.34  PRESS =     0.0
 Etot   =     -9453.2364  EKtot   =       246.2621  EPtot      =     -9699.4985
 BOND   =         1.2583  ANGLE   =         2.0446  DIHED      =         3.1953
 1-4 NB =         3.2712  1-4 EEL =        45.9386  VDWAALS    =      1554.4349
 EELEC  =    -11309.3778  EHBOND  =         0.0000  RESTRAINT  =         0.0000
 CMAP   =        -0.2638
 Ewald error estimate:   0.8107E-03
 ------------------------------------------------------------------------------

 NMR restraints: Bond =    0.000   Angle =     0.000   Torsion =     0.000
===============================================================================

 NSTEP =     2100   TIME(PS) =       4.200  TEMP(K) =    62.15  PRESS =     0.0
 Etot   =     -9427.3888  EKtot   =       262.3428  EPtot      =     -9689.7316
 BOND   =         1.1979  ANGLE   =         2.5504  DIHED      =         3.6290
 1-4 NB =         2.8692  1-4 EEL =        44.7904  VDWAALS    =      1541.3888
 EELEC  =    -11285.6018  EHBOND  =         0.0000  RESTRAINT  =         0.0000
 CMAP   =        -0.5555
 Ewald error estimate:   0.7887E-05
 ------------------------------------------------------------------------------

 NMR restraints: Bond =    0.000   Angle =     0.000   Torsion =     0.000
===============================================================================

 NSTEP =     2200   TIME(PS) =       4.400  TEMP(K) =    66.20  PRESS =     0.0
 Etot   =     -9400.8823  EKtot   =       279.4212  EPtot      =     -9680.3035
 BOND   =         2.0009  ANGLE   =         1.7818  DIHED      =         3.9502
 1-4 NB =         2.9783  1-4 EEL =        45.5283  VDWAALS    =      1548.4431
 EELEC  =    -11284.4125  EHBOND  =         0.0000  RESTRAINT  =         0.0000
 CMAP   =        -0.5737
 Ewald error estimate:   0.2550E-03
 ------------------------------------------------------------------------------

 NMR restraints: Bond =    0.000   Angle =     0.000   Torsion =     0.000
===============================================================================

 NSTEP =     2300   TIME(PS) =       4.600  TEMP(K) =    70.08  PRESS =     0.0
 Etot   =     -9371.9076  EKtot   =       295.8029  EPtot      =     -9667.7105
 BOND   =         2.3201  ANGLE   =         3.1018  DIHED      =         3.5150
 1-4 NB =         3.1450  1-4 EEL =        44.8945  VDWAALS    =      1545.1459
 EELEC  =    -11269.3488  EHBOND  =         0.0000  RESTRAINT  =         0.0000
 CMAP   =        -0.4841
 Ewald error estimate:   0.4086E-03
 ------------------------------------------------------------------------------

 NMR restraints: Bond =    0.000   Angle =     0.000   Torsion =     0.000
===============================================================================

 NSTEP =     2400   TIME(PS) =       4.800  TEMP(K) =    72.11  PRESS =     0.0
 Etot   =     -9350.6359  EKtot   =       304.3746  EPtot      =     -9655.0104
 BOND   =         1.3924  ANGLE   =         4.0527  DIHED      =         3.4415
 1-4 NB =         3.0366  1-4 EEL =        47.3143  VDWAALS    =      1540.5868
 EELEC  =    -11254.7582  EHBOND  =         0.0000  RESTRAINT  =         0.0000
 CMAP   =        -0.0764
 Ewald error estimate:   0.8704E-04
 ------------------------------------------------------------------------------

 NMR restraints: Bond =    0.000   Angle =     0.000   Torsion =     0.000
===============================================================================

 NSTEP =     2500   TIME(PS) =       5.000  TEMP(K) =    77.42  PRESS =     0.0
 Etot   =     -9330.4031  EKtot   =       326.7647  EPtot      =     -9657.1678
 BOND   =         1.5039  ANGLE   =         4.1156  DIHED      =         3.5144
 1-4 NB =         3.1981  1-4 EEL =        43.8045  VDWAALS    =      1557.8277
 EELEC  =    -11270.5680  EHBOND  =         0.0000  RESTRAINT  =         0.0000
 CMAP   =        -0.5641
 Ewald error estimate:   0.6840E-03
 ------------------------------------------------------------------------------

 NMR restraints: Bond =    0.000   Angle =     0.000   Torsion =     0.000
===============================================================================

 NSTEP =     2600   TIME(PS) =       5.200  TEMP(K) =    79.04  PRESS =     0.0
 Etot   =     -9300.9489  EKtot   =       333.6247  EPtot      =     -9634.5735
 BOND   =         0.8650  ANGLE   =         3.0096  DIHED      =         3.2701
 1-4 NB =         2.9746  1-4 EEL =        46.0100  VDWAALS    =      1583.4384
 EELEC  =    -11273.5762  EHBOND  =         0.0000  RESTRAINT  =         0.0000
 CMAP   =        -0.5651
 Ewald error estimate:   0.6368E-03
 ------------------------------------------------------------------------------

 NMR restraints: Bond =    0.000   Angle =     0.000   Torsion =     0.000
===============================================================================

 NSTEP =     2700   TIME(PS) =       5.400  TEMP(K) =    78.44  PRESS =     0.0
 Etot   =     -9284.4696  EKtot   =       331.0632  EPtot      =     -9615.5328
 BOND   =         1.4253  ANGLE   =         3.9378  DIHED      =         2.9535
 1-4 NB =         2.7552  1-4 EEL =        44.0660  VDWAALS    =      1546.1311
 EELEC  =    -11216.2404  EHBOND  =         0.0000  RESTRAINT  =         0.0000
 CMAP   =        -0.5614
 Ewald error estimate:   0.8704E-03
 ------------------------------------------------------------------------------

 NMR restraints: Bond =    0.000   Angle =     0.000   Torsion =     0.000
===============================================================================

 NSTEP =     2800   TIME(PS) =       5.600  TEMP(K) =    86.14  PRESS =     0.0
 Etot   =     -9255.1086  EKtot   =       363.5988  EPtot      =     -9618.7074
 BOND   =         0.7928  ANGLE   =         3.2776  DIHED      =         3.5242
 1-4 NB =         3.6496  1-4 EEL =        45.4144  VDWAALS    =      1522.9532
 EELEC  =    -11197.7504  EHBOND  =         0.0000  RESTRAINT  =         0.0000
 CMAP   =        -0.5689
 Ewald error estimate:   0.3211E-03
 ------------------------------------------------------------------------------

 NMR restraints: Bond =    0.000   Angle =     0.000   Torsion =     0.000
===============================================================================

 NSTEP =     2900   TIME(PS) =       5.800  TEMP(K) =    86.59  PRESS =     0.0
 Etot   =     -9241.9927  EKtot   =       365.4781  EPtot      =     -9607.4708
 BOND   =         0.6935  ANGLE   =         2.8692  DIHED      =         3.2024
 1-4 NB =         2.8748  1-4 EEL =        46.3435  VDWAALS    =      1541.1770
 EELEC  =    -11204.0859  EHBOND  =         0.0000  RESTRAINT  =         0.0000
 CMAP   =        -0.5453
 Ewald error estimate:   0.1706E-03
 ------------------------------------------------------------------------------

 NMR restraints: Bond =    0.000   Angle =     0.000   Torsion =     0.000
===============================================================================

 NSTEP =     3000   TIME(PS) =       6.000  TEMP(K) =    92.94  PRESS =     0.0
 Etot   =     -9208.9553  EKtot   =       392.2758  EPtot      =     -9601.2311
 BOND   =         1.3084  ANGLE   =         3.4476  DIHED      =         3.0952
 1-4 NB =         3.0078  1-4 EEL =        48.0513  VDWAALS    =      1506.3136
 EELEC  =    -11165.9261  EHBOND  =         0.0000  RESTRAINT  =         0.0000
 CMAP   =        -0.5289
 Ewald error estimate:   0.6645E-03
 ------------------------------------------------------------------------------

 NMR restraints: Bond =    0.000   Angle =     0.000   Torsion =     0.000
===============================================================================

 NSTEP =     3100   TIME(PS) =       6.200  TEMP(K) =    95.05  PRESS =     0.0
 Etot   =     -9175.0820  EKtot   =       401.1828  EPtot      =     -9576.2648
 BOND   =         0.7579  ANGLE   =         2.9605  DIHED      =         3.7016
 1-4 NB =         3.4340  1-4 EEL =        45.0156  VDWAALS    =      1521.2426
 EELEC  =    -11152.8636  EHBOND  =         0.0000  RESTRAINT  =         0.0000
 CMAP   =        -0.5133
 Ewald error estimate:   0.1964E-03
 ------------------------------------------------------------------------------

 NMR restraints: Bond =    0.000   Angle =     0.000   Torsion =     0.000
===============================================================================

 NSTEP =     3200   TIME(PS) =       6.400  TEMP(K) =    95.40  PRESS =     0.0
 Etot   =     -9160.9601  EKtot   =       402.6591  EPtot      =     -9563.6193
 BOND   =         1.3963  ANGLE   =         2.3194  DIHED      =         4.1002
 1-4 NB =         3.2999  1-4 EEL =        46.3040  VDWAALS    =      1523.3376
 EELEC  =    -11143.8545  EHBOND  =         0.0000  RESTRAINT  =         0.0000
 CMAP   =        -0.5222
 Ewald error estimate:   0.9000E-04
 ------------------------------------------------------------------------------

 NMR restraints: Bond =    0.000   Angle =     0.000   Torsion =     0.000
===============================================================================

 NSTEP =     3300   TIME(PS) =       6.600  TEMP(K) =   100.13  PRESS =     0.0
 Etot   =     -9139.9652  EKtot   =       422.6313  EPtot      =     -9562.5965
 BOND   =         2.4058  ANGLE   =         2.7877  DIHED      =         3.0056
 1-4 NB =         2.5755  1-4 EEL =        43.6854  VDWAALS    =      1579.1485
 EELEC  =    -11195.8506  EHBOND  =         0.0000  RESTRAINT  =         0.0000
 CMAP   =        -0.3545
 Ewald error estimate:   0.2136E-03
 ------------------------------------------------------------------------------

 NMR restraints: Bond =    0.000   Angle =     0.000   Torsion =     0.000
===============================================================================

 NSTEP =     3400   TIME(PS) =       6.800  TEMP(K) =   105.80  PRESS =     0.0
 Etot   =     -9098.3396  EKtot   =       446.5504  EPtot      =     -9544.8900
 BOND   =         1.7499  ANGLE   =         3.6563  DIHED      =         4.2537
 1-4 NB =         2.3174  1-4 EEL =        43.7214  VDWAALS    =      1556.0795
 EELEC  =    -11156.4653  EHBOND  =         0.0000  RESTRAINT  =         0.0000
 CMAP   =        -0.2028
 Ewald error estimate:   0.4107E-03
 ------------------------------------------------------------------------------

 NMR restraints: Bond =    0.000   Angle =     0.000   Torsion =     0.000
===============================================================================

 NSTEP =     3500   TIME(PS) =       7.000  TEMP(K) =   106.71  PRESS =     0.0
 Etot   =     -9070.2626  EKtot   =       450.3892  EPtot      =     -9520.6518
 BOND   =         1.2888  ANGLE   =         2.2072  DIHED      =         3.6380
 1-4 NB =         3.4108  1-4 EEL =        46.5883  VDWAALS    =      1530.0340
 EELEC  =    -11107.3111  EHBOND  =         0.0000  RESTRAINT  =         0.0000
 CMAP   =        -0.5079
 Ewald error estimate:   0.8523E-04
 ------------------------------------------------------------------------------

 NMR restraints: Bond =    0.000   Angle =     0.000   Torsion =     0.000
===============================================================================

 NSTEP =     3600   TIME(PS) =       7.200  TEMP(K) =   109.61  PRESS =     0.0
 Etot   =     -9039.1626  EKtot   =       462.6406  EPtot      =     -9501.8032
 BOND   =         0.8097  ANGLE   =         3.1125  DIHED      =         4.2474
 1-4 NB =         3.5504  1-4 EEL =        45.8839  VDWAALS    =      1465.3987
 EELEC  =    -11024.2245  EHBOND  =         0.0000  RESTRAINT  =         0.0000
 CMAP   =        -0.5813
 Ewald error estimate:   0.1815E-03
 ------------------------------------------------------------------------------

 NMR restraints: Bond =    0.000   Angle =     0.000   Torsion =     0.000
===============================================================================

 NSTEP =     3700   TIME(PS) =       7.400  TEMP(K) =   115.75  PRESS =     0.0
 Etot   =     -9014.8789  EKtot   =       488.5634  EPtot      =     -9503.4422
 BOND   =         1.4154  ANGLE   =         4.4935  DIHED      =         3.0480
 1-4 NB =         3.4501  1-4 EEL =        48.1678  VDWAALS    =      1553.5074
 EELEC  =    -11117.0605  EHBOND  =         0.0000  RESTRAINT  =         0.0000
 CMAP   =        -0.4638
 Ewald error estimate:   0.3693E-03
 ------------------------------------------------------------------------------

 NMR restraints: Bond =    0.000   Angle =     0.000   Torsion =     0.000
===============================================================================

 NSTEP =     3800   TIME(PS) =       7.600  TEMP(K) =   120.18  PRESS =     0.0
 Etot   =     -8957.4819  EKtot   =       507.2662  EPtot      =     -9464.7481
 BOND   =         2.9119  ANGLE   =         4.2079  DIHED      =         3.0182
 1-4 NB =         2.9099  1-4 EEL =        45.4361  VDWAALS    =      1522.2455
 EELEC  =    -11045.5861  EHBOND  =         0.0000  RESTRAINT  =         0.0000
 CMAP   =         0.1085
 Ewald error estimate:   0.8662E-04
 ------------------------------------------------------------------------------

 NMR restraints: Bond =    0.000   Angle =     0.000   Torsion =     0.000
===============================================================================

 NSTEP =     3900   TIME(PS) =       7.800  TEMP(K) =   124.39  PRESS =     0.0
 Etot   =     -8921.2352  EKtot   =       525.0218  EPtot      =     -9446.2570
 BOND   =         3.3163  ANGLE   =         3.3696  DIHED      =         3.2554
 1-4 NB =         3.3023  1-4 EEL =        44.6578  VDWAALS    =      1561.8662
 EELEC  =    -11065.5140  EHBOND  =         0.0000  RESTRAINT  =         0.0000
 CMAP   =        -0.5106
 Ewald error estimate:   0.3483E-03
 ------------------------------------------------------------------------------

 NMR restraints: Bond =    0.000   Angle =     0.000   Torsion =     0.000
===============================================================================

 NSTEP =     4000   TIME(PS) =       8.000  TEMP(K) =   126.56  PRESS =     0.0
 Etot   =     -8895.5055  EKtot   =       534.1683  EPtot      =     -9429.6737
 BOND   =         1.7840  ANGLE   =         3.1546  DIHED      =         2.7748
 1-4 NB =         4.1244  1-4 EEL =        46.6697  VDWAALS    =      1502.8444
 EELEC  =    -10990.5881  EHBOND  =         0.0000  RESTRAINT  =         0.0000
 CMAP   =        -0.4376
 Ewald error estimate:   0.5211E-03
 ------------------------------------------------------------------------------

 NMR restraints: Bond =    0.000   Angle =     0.000   Torsion =     0.000
===============================================================================

 NSTEP =     4100   TIME(PS) =       8.200  TEMP(K) =   131.03  PRESS =     0.0
 Etot   =     -8888.9221  EKtot   =       553.0511  EPtot      =     -9441.9733
 BOND   =         0.7396  ANGLE   =         3.8986  DIHED      =         3.4917
 1-4 NB =         3.1753  1-4 EEL =        46.6787  VDWAALS    =      1477.9068
 EELEC  =    -10977.3028  EHBOND  =         0.0000  RESTRAINT  =         0.0000
 CMAP   =        -0.5612
 Ewald error estimate:   0.2642E-03
 ------------------------------------------------------------------------------

 NMR restraints: Bond =    0.000   Angle =     0.000   Torsion =     0.000
===============================================================================

 NSTEP =     4200   TIME(PS) =       8.400  TEMP(K) =   132.18  PRESS =     0.0
 Etot   =     -8867.6262  EKtot   =       557.9008  EPtot      =     -9425.5270
 BOND   =         1.0221  ANGLE   =         3.2419  DIHED      =         4.1039
 1-4 NB =         3.0032  1-4 EEL =        47.4520  VDWAALS    =      1534.3534
 EELEC  =    -11018.0689  EHBOND  =         0.0000  RESTRAINT  =         0.0000
 CMAP   =        -0.6347
 Ewald error estimate:   0.1626E-03
 ------------------------------------------------------------------------------

 NMR restraints: Bond =    0.000   Angle =     0.000   Torsion =     0.000
===============================================================================

 NSTEP =     4300   TIME(PS) =       8.600  TEMP(K) =   137.40  PRESS =     0.0
 Etot   =     -8828.7075  EKtot   =       579.9365  EPtot      =     -9408.6440
 BOND   =         1.9552  ANGLE   =         3.7696  DIHED      =         3.8978
 1-4 NB =         3.6661  1-4 EEL =        47.0225  VDWAALS    =      1517.3512
 EELEC  =    -10985.7020  EHBOND  =         0.0000  RESTRAINT  =         0.0000
 CMAP   =        -0.6044
 Ewald error estimate:   0.3761E-03
 ------------------------------------------------------------------------------

 NMR restraints: Bond =    0.000   Angle =     0.000   Torsion =     0.000
===============================================================================

 NSTEP =     4400   TIME(PS) =       8.800  TEMP(K) =   134.96  PRESS =     0.0
 Etot   =     -8809.1203  EKtot   =       569.6529  EPtot      =     -9378.7731
 BOND   =         2.8018  ANGLE   =         4.9849  DIHED      =         3.4888
 1-4 NB =         3.8018  1-4 EEL =        46.9009  VDWAALS    =      1530.6103
 EELEC  =    -10970.8245  EHBOND  =         0.0000  RESTRAINT  =         0.0000
 CMAP   =        -0.5371
 Ewald error estimate:   0.4384E-03
 ------------------------------------------------------------------------------

 NMR restraints: Bond =    0.000   Angle =     0.000   Torsion =     0.000
===============================================================================

 NSTEP =     4500   TIME(PS) =       9.000  TEMP(K) =   140.75  PRESS =     0.0
 Etot   =     -8785.0696  EKtot   =       594.0573  EPtot      =     -9379.1269
 BOND   =         1.2342  ANGLE   =         5.5472  DIHED      =         3.2504
 1-4 NB =         2.5507  1-4 EEL =        43.6843  VDWAALS    =      1465.7223
 EELEC  =    -10900.5800  EHBOND  =         0.0000  RESTRAINT  =         0.0000
 CMAP   =        -0.5360
 Ewald error estimate:   0.2855E-03
 ------------------------------------------------------------------------------

 NMR restraints: Bond =    0.000   Angle =     0.000   Torsion =     0.000
===============================================================================

 NSTEP =     4600   TIME(PS) =       9.200  TEMP(K) =   142.48  PRESS =     0.0
 Etot   =     -8761.7227  EKtot   =       601.3643  EPtot      =     -9363.0871
 BOND   =         1.7040  ANGLE   =         6.3344  DIHED      =         4.2870
 1-4 NB =         2.7123  1-4 EEL =        44.8273  VDWAALS    =      1540.1352
 EELEC  =    -10962.7562  EHBOND  =         0.0000  RESTRAINT  =         0.0000
 CMAP   =        -0.3310
 Ewald error estimate:   0.2547E-03
 ------------------------------------------------------------------------------

 NMR restraints: Bond =    0.000   Angle =     0.000   Torsion =     0.000
===============================================================================

 NSTEP =     4700   TIME(PS) =       9.400  TEMP(K) =   144.37  PRESS =     0.0
 Etot   =     -8749.5564  EKtot   =       609.3401  EPtot      =     -9358.8965
 BOND   =         1.9861  ANGLE   =         7.5304  DIHED      =         3.6155
 1-4 NB =         3.6405  1-4 EEL =        46.6531  VDWAALS    =      1511.0485
 EELEC  =    -10932.8319  EHBOND  =         0.0000  RESTRAINT  =         0.0000
 CMAP   =        -0.5388
 Ewald error estimate:   0.6254E-03
 ------------------------------------------------------------------------------

 NMR restraints: Bond =    0.000   Angle =     0.000   Torsion =     0.000
===============================================================================

 NSTEP =     4800   TIME(PS) =       9.600  TEMP(K) =   154.10  PRESS =     0.0
 Etot   =     -8704.5784  EKtot   =       650.4097  EPtot      =     -9354.9882
 BOND   =         1.6575  ANGLE   =         3.6040  DIHED      =         5.5332
 1-4 NB =         2.6612  1-4 EEL =        46.4729  VDWAALS    =      1554.9739
 EELEC  =    -10969.3370  EHBOND  =         0.0000  RESTRAINT  =         0.0000
 CMAP   =        -0.5538
 Ewald error estimate:   0.4985E-03
 ------------------------------------------------------------------------------

 NMR restraints: Bond =    0.000   Angle =     0.000   Torsion =     0.000
===============================================================================

 NSTEP =     4900   TIME(PS) =       9.800  TEMP(K) =   156.29  PRESS =     0.0
 Etot   =     -8656.7105  EKtot   =       659.6603  EPtot      =     -9316.3707
 BOND   =         1.1563  ANGLE   =         7.8456  DIHED      =         3.6169
 1-4 NB =         3.8125  1-4 EEL =        42.9276  VDWAALS    =      1540.6427
 EELEC  =    -10915.8162  EHBOND  =         0.0000  RESTRAINT  =         0.0000
 CMAP   =        -0.5560
 Ewald error estimate:   0.8084E-04
 ------------------------------------------------------------------------------

 NMR restraints: Bond =    0.000   Angle =     0.000   Torsion =     0.000
===============================================================================

 NSTEP =     5000   TIME(PS) =      10.000  TEMP(K) =   158.98  PRESS =     0.0
 Etot   =     -8634.4389  EKtot   =       671.0332  EPtot      =     -9305.4721
 BOND   =         3.5781  ANGLE   =         4.5270  DIHED      =         3.6671
 1-4 NB =         3.2338  1-4 EEL =        46.3052  VDWAALS    =      1467.9013
 EELEC  =    -10834.2515  EHBOND  =         0.0000  RESTRAINT  =         0.0000
 CMAP   =        -0.4331
 Ewald error estimate:   0.1177E-03
 ------------------------------------------------------------------------------

 NMR restraints: Bond =    0.000   Angle =     0.000   Torsion =     0.000
===============================================================================

 NSTEP =     5100   TIME(PS) =      10.200  TEMP(K) =   159.90  PRESS =     0.0
 Etot   =     -8622.9753  EKtot   =       674.8918  EPtot      =     -9297.8671
 BOND   =         1.9417  ANGLE   =         5.9442  DIHED      =         3.5041
 1-4 NB =         3.2654  1-4 EEL =        45.9296  VDWAALS    =      1498.0120
 EELEC  =    -10855.8284  EHBOND  =         0.0000  RESTRAINT  =         0.0000
 CMAP   =        -0.6358
 Ewald error estimate:   0.4814E-03
 ------------------------------------------------------------------------------

 NMR restraints: Bond =    0.000   Angle =     0.000   Torsion =     0.000
===============================================================================

 NSTEP =     5200   TIME(PS) =      10.400  TEMP(K) =   166.58  PRESS =     0.0
 Etot   =     -8575.4559  EKtot   =       703.1146  EPtot      =     -9278.5705
 BOND   =         0.6919  ANGLE   =         5.3315  DIHED      =         3.6896
 1-4 NB =         3.7029  1-4 EEL =        45.6556  VDWAALS    =      1518.5237
 EELEC  =    -10855.6086  EHBOND  =         0.0000  RESTRAINT  =         0.0000
 CMAP   =        -0.5570
 Ewald error estimate:   0.1136E-03
 ------------------------------------------------------------------------------

 NMR restraints: Bond =    0.000   Angle =     0.000   Torsion =     0.000
===============================================================================

 NSTEP =     5300   TIME(PS) =      10.600  TEMP(K) =   171.99  PRESS =     0.0
 Etot   =     -8561.0802  EKtot   =       725.9138  EPtot      =     -9286.9939
 BOND   =         2.1793  ANGLE   =         5.9481  DIHED      =         4.7145
 1-4 NB =         2.7778  1-4 EEL =        45.5786  VDWAALS    =      1526.7276
 EELEC  =    -10874.3557  EHBOND  =         0.0000  RESTRAINT  =         0.0000
 CMAP   =        -0.5641
 Ewald error estimate:   0.6722E-03
 ------------------------------------------------------------------------------

 NMR restraints: Bond =    0.000   Angle =     0.000   Torsion =     0.000
===============================================================================

 NSTEP =     5400   TIME(PS) =      10.800  TEMP(K) =   171.25  PRESS =     0.0
 Etot   =     -8535.9576  EKtot   =       722.7926  EPtot      =     -9258.7502
 BOND   =         2.7407  ANGLE   =         5.6094  DIHED      =         3.9809
 1-4 NB =         3.2267  1-4 EEL =        43.8242  VDWAALS    =      1544.3663
 EELEC  =    -10861.9668  EHBOND  =         0.0000  RESTRAINT  =         0.0000
 CMAP   =        -0.5315
 Ewald error estimate:   0.4521E-03
 ------------------------------------------------------------------------------

 NMR restraints: Bond =    0.000   Angle =     0.000   Torsion =     0.000
===============================================================================

 NSTEP =     5500   TIME(PS) =      11.000  TEMP(K) =   177.23  PRESS =     0.0
 Etot   =     -8496.5844  EKtot   =       748.0656  EPtot      =     -9244.6500
 BOND   =         3.4896  ANGLE   =         5.5430  DIHED      =         4.3423
 1-4 NB =         2.8696  1-4 EEL =        44.3252  VDWAALS    =      1485.5699
 EELEC  =    -10790.2285  EHBOND  =         0.0000  RESTRAINT  =         0.0000
 CMAP   =        -0.5612
 Ewald error estimate:   0.2430E-04
 ------------------------------------------------------------------------------

 NMR restraints: Bond =    0.000   Angle =     0.000   Torsion =     0.000
===============================================================================

 NSTEP =     5600   TIME(PS) =      11.200  TEMP(K) =   183.39  PRESS =     0.0
 Etot   =     -8461.6582  EKtot   =       774.0612  EPtot      =     -9235.7194
 BOND   =         1.9551  ANGLE   =         7.5809  DIHED      =         4.8107
 1-4 NB =         3.6317  1-4 EEL =        44.0234  VDWAALS    =      1521.1732
 EELEC  =    -10818.9095  EHBOND  =         0.0000  RESTRAINT  =         0.0000
 CMAP   =         0.0150
 Ewald error estimate:   0.2916E-03
 ------------------------------------------------------------------------------

 NMR restraints: Bond =    0.000   Angle =     0.000   Torsion =     0.000
===============================================================================

 NSTEP =     5700   TIME(PS) =      11.400  TEMP(K) =   184.96  PRESS =     0.0
 Etot   =     -8435.3918  EKtot   =       780.6912  EPtot      =     -9216.0830
 BOND   =         1.9910  ANGLE   =         4.8845  DIHED      =         3.5262
 1-4 NB =         3.7460  1-4 EEL =        45.7573  VDWAALS    =      1512.2761
 EELEC  =    -10787.8263  EHBOND  =         0.0000  RESTRAINT  =         0.0000
 CMAP   =        -0.4378
 Ewald error estimate:   0.5724E-03
 ------------------------------------------------------------------------------

 NMR restraints: Bond =    0.000   Angle =     0.000   Torsion =     0.000
===============================================================================

 NSTEP =     5800   TIME(PS) =      11.600  TEMP(K) =   195.28  PRESS =     0.0
 Etot   =     -8388.9980  EKtot   =       824.2512  EPtot      =     -9213.2492
 BOND   =         1.5133  ANGLE   =         5.7751  DIHED      =         3.6233
 1-4 NB =         3.2017  1-4 EEL =        46.2007  VDWAALS    =      1546.1896
 EELEC  =    -10819.2697  EHBOND  =         0.0000  RESTRAINT  =         0.0000
 CMAP   =        -0.4832
 Ewald error estimate:   0.1245E-02
 ------------------------------------------------------------------------------

 NMR restraints: Bond =    0.000   Angle =     0.000   Torsion =     0.000
===============================================================================

 NSTEP =     5900   TIME(PS) =      11.800  TEMP(K) =   188.85  PRESS =     0.0
 Etot   =     -8359.6825  EKtot   =       797.1113  EPtot      =     -9156.7938
 BOND   =         1.9500  ANGLE   =         8.6863  DIHED      =         4.1593
 1-4 NB =         2.7644  1-4 EEL =        45.3443  VDWAALS    =      1483.1403
 EELEC  =    -10702.2724  EHBOND  =         0.0000  RESTRAINT  =         0.0000
 CMAP   =        -0.5660
 Ewald error estimate:   0.1992E-03
 ------------------------------------------------------------------------------

 NMR restraints: Bond =    0.000   Angle =     0.000   Torsion =     0.000
===============================================================================

 NSTEP =     6000   TIME(PS) =      12.000  TEMP(K) =   194.05  PRESS =     0.0
 Etot   =     -8358.2764  EKtot   =       819.0343  EPtot      =     -9177.3107
 BOND   =         1.9339  ANGLE   =         6.4257  DIHED      =         3.3251
 1-4 NB =         3.2061  1-4 EEL =        47.2566  VDWAALS    =      1532.8928
 EELEC  =    -10771.6964  EHBOND  =         0.0000  RESTRAINT  =         0.0000
 CMAP   =        -0.6544
 Ewald error estimate:   0.5266E-03
 ------------------------------------------------------------------------------

 NMR restraints: Bond =    0.000   Angle =     0.000   Torsion =     0.000
===============================================================================

 NSTEP =     6100   TIME(PS) =      12.200  TEMP(K) =   197.82  PRESS =     0.0
 Etot   =     -8337.7299  EKtot   =       834.9470  EPtot      =     -9172.6769
 BOND   =         0.8835  ANGLE   =         5.8637  DIHED      =         4.6707
 1-4 NB =         3.3888  1-4 EEL =        45.6619  VDWAALS    =      1514.4789
 EELEC  =    -10746.9495  EHBOND  =         0.0000  RESTRAINT  =         0.0000
 CMAP   =        -0.6751
 Ewald error estimate:   0.4107E-03
 ------------------------------------------------------------------------------

 NMR restraints: Bond =    0.000   Angle =     0.000   Torsion =     0.000
===============================================================================

 NSTEP =     6200   TIME(PS) =      12.400  TEMP(K) =   201.69  PRESS =     0.0
 Etot   =     -8305.6188  EKtot   =       851.3001  EPtot      =     -9156.9189
 BOND   =         2.8825  ANGLE   =         8.6226  DIHED      =         3.9535
 1-4 NB =         4.0316  1-4 EEL =        47.7546  VDWAALS    =      1515.4563
 EELEC  =    -10739.0888  EHBOND  =         0.0000  RESTRAINT  =         0.0000
 CMAP   =        -0.5312
 Ewald error estimate:   0.7878E-03
 ------------------------------------------------------------------------------

 NMR restraints: Bond =    0.000   Angle =     0.000   Torsion =     0.000
===============================================================================

 NSTEP =     6300   TIME(PS) =      12.600  TEMP(K) =   202.73  PRESS =     0.0
 Etot   =     -8274.9597  EKtot   =       855.6609  EPtot      =     -9130.6206
 BOND   =         2.7160  ANGLE   =         8.4365  DIHED      =         4.7321
 1-4 NB =         3.4065  1-4 EEL =        46.9991  VDWAALS    =      1522.3564
 EELEC  =    -10719.1659  EHBOND  =         0.0000  RESTRAINT  =         0.0000
 CMAP   =        -0.1014
 Ewald error estimate:   0.7727E-03
 ------------------------------------------------------------------------------

 NMR restraints: Bond =    0.000   Angle =     0.000   Torsion =     0.000
===============================================================================

 NSTEP =     6400   TIME(PS) =      12.800  TEMP(K) =   204.34  PRESS =     0.0
 Etot   =     -8257.0167  EKtot   =       862.4574  EPtot      =     -9119.4742
 BOND   =         0.6000  ANGLE   =         8.4688  DIHED      =         3.9888
 1-4 NB =         3.8992  1-4 EEL =        46.3852  VDWAALS    =      1491.5094
 EELEC  =    -10673.9317  EHBOND  =         0.0000  RESTRAINT  =         0.0000
 CMAP   =        -0.3938
 Ewald error estimate:   0.4770E-03
 ------------------------------------------------------------------------------

 NMR restraints: Bond =    0.000   Angle =     0.000   Torsion =     0.000
===============================================================================

 NSTEP =     6500   TIME(PS) =      13.000  TEMP(K) =   208.34  PRESS =     0.0
 Etot   =     -8217.2472  EKtot   =       879.3706  EPtot      =     -9096.6178
 BOND   =         2.0143  ANGLE   =         9.5026  DIHED      =         3.8515
 1-4 NB =         3.5364  1-4 EEL =        45.5171  VDWAALS    =      1480.0404
 EELEC  =    -10640.7618  EHBOND  =         0.0000  RESTRAINT  =         0.0000
 CMAP   =        -0.3182
 Ewald error estimate:   0.4308E-03
 ------------------------------------------------------------------------------

 NMR restraints: Bond =    0.000   Angle =     0.000   Torsion =     0.000
===============================================================================

 NSTEP =     6600   TIME(PS) =      13.200  TEMP(K) =   218.50  PRESS =     0.0
 Etot   =     -8205.4642  EKtot   =       922.2647  EPtot      =     -9127.7288
 BOND   =         0.7991  ANGLE   =         7.4561  DIHED      =         4.7534
 1-4 NB =         3.4144  1-4 EEL =        47.5418  VDWAALS    =      1504.7770
 EELEC  =    -10695.7573  EHBOND  =         0.0000  RESTRAINT  =         0.0000
 CMAP   =        -0.7134
 Ewald error estimate:   0.1190E-03
 ------------------------------------------------------------------------------

 NMR restraints: Bond =    0.000   Angle =     0.000   Torsion =     0.000
===============================================================================

 NSTEP =     6700   TIME(PS) =      13.400  TEMP(K) =   208.31  PRESS =     0.0
 Etot   =     -8207.9983  EKtot   =       879.2418  EPtot      =     -9087.2401
 BOND   =         3.2007  ANGLE   =         8.6143  DIHED      =         4.1873
 1-4 NB =         3.2001  1-4 EEL =        47.5317  VDWAALS    =      1511.5711
 EELEC  =    -10665.1391  EHBOND  =         0.0000  RESTRAINT  =         0.0000
 CMAP   =        -0.4063
 Ewald error estimate:   0.2147E-03
 ------------------------------------------------------------------------------

 NMR restraints: Bond =    0.000   Angle =     0.000   Torsion =     0.000
===============================================================================

 NSTEP =     6800   TIME(PS) =      13.600  TEMP(K) =   217.75  PRESS =     0.0
 Etot   =     -8175.6194  EKtot   =       919.0692  EPtot      =     -9094.6885
 BOND   =         1.1379  ANGLE   =         7.8941  DIHED      =         4.5035
 1-4 NB =         3.2838  1-4 EEL =        44.2868  VDWAALS    =      1474.4414
 EELEC  =    -10629.6552  EHBOND  =         0.0000  RESTRAINT  =         0.0000
 CMAP   =        -0.5808
 Ewald error estimate:   0.3512E-03
 ------------------------------------------------------------------------------

 NMR restraints: Bond =    0.000   Angle =     0.000   Torsion =     0.000
===============================================================================

 NSTEP =     6900   TIME(PS) =      13.800  TEMP(K) =   214.93  PRESS =     0.0
 Etot   =     -8134.7951  EKtot   =       907.1565  EPtot      =     -9041.9516
 BOND   =         1.4276  ANGLE   =         9.7602  DIHED      =         6.1818
 1-4 NB =         4.2576  1-4 EEL =        45.0001  VDWAALS    =      1503.7733
 EELEC  =    -10611.9398  EHBOND  =         0.0000  RESTRAINT  =         0.0000
 CMAP   =        -0.4124
 Ewald error estimate:   0.1074E-02
 ------------------------------------------------------------------------------

 NMR restraints: Bond =    0.000   Angle =     0.000   Torsion =     0.000
===============================================================================

 NSTEP =     7000   TIME(PS) =      14.000  TEMP(K) =   219.49  PRESS =     0.0
 Etot   =     -8102.8235  EKtot   =       926.4252  EPtot      =     -9029.2487
 BOND   =         3.9082  ANGLE   =         7.8833  DIHED      =         3.7167
 1-4 NB =         3.0792  1-4 EEL =        47.8028  VDWAALS    =      1444.2824
 EELEC  =    -10539.4035  EHBOND  =         0.0000  RESTRAINT  =         0.0000
 CMAP   =        -0.5179
 Ewald error estimate:   0.8374E-03
 ------------------------------------------------------------------------------

 NMR restraints: Bond =    0.000   Angle =     0.000   Torsion =     0.000
===============================================================================

 NSTEP =     7100   TIME(PS) =      14.200  TEMP(K) =   226.27  PRESS =     0.0
 Etot   =     -8080.8661  EKtot   =       955.0206  EPtot      =     -9035.8867
 BOND   =         3.2759  ANGLE   =         8.8797  DIHED      =         4.0232
 1-4 NB =         4.3889  1-4 EEL =        46.0731  VDWAALS    =      1474.5838
 EELEC  =    -10576.5332  EHBOND  =         0.0000  RESTRAINT  =         0.0000
 CMAP   =        -0.5780
 Ewald error estimate:   0.4169E-03
 ------------------------------------------------------------------------------

 NMR restraints: Bond =    0.000   Angle =     0.000   Torsion =     0.000
===============================================================================

 NSTEP =     7200   TIME(PS) =      14.400  TEMP(K) =   228.26  PRESS =     0.0
 Etot   =     -8054.2943  EKtot   =       963.4371  EPtot      =     -9017.7315
 BOND   =         1.8468  ANGLE   =         9.4521  DIHED      =         3.7287
 1-4 NB =         3.9167  1-4 EEL =        48.1868  VDWAALS    =      1488.6155
 EELEC  =    -10573.4699  EHBOND  =         0.0000  RESTRAINT  =         0.0000
 CMAP   =        -0.0082
 Ewald error estimate:   0.9524E-04
 ------------------------------------------------------------------------------

 NMR restraints: Bond =    0.000   Angle =     0.000   Torsion =     0.000
===============================================================================

 NSTEP =     7300   TIME(PS) =      14.600  TEMP(K) =   226.94  PRESS =     0.0
 Etot   =     -8039.0036  EKtot   =       957.8617  EPtot      =     -8996.8652
 BOND   =         1.9866  ANGLE   =         8.8383  DIHED      =         3.7759
 1-4 NB =         4.4630  1-4 EEL =        46.6809  VDWAALS    =      1500.9880
 EELEC  =    -10563.4811  EHBOND  =         0.0000  RESTRAINT  =         0.0000
 CMAP   =        -0.1168
 Ewald error estimate:   0.4011E-03
 ------------------------------------------------------------------------------

 NMR restraints: Bond =    0.000   Angle =     0.000   Torsion =     0.000
===============================================================================

 NSTEP =     7400   TIME(PS) =      14.800  TEMP(K) =   236.74  PRESS =     0.0
 Etot   =     -7991.6758  EKtot   =       999.2178  EPtot      =     -8990.8937
 BOND   =         2.0825  ANGLE   =         8.3316  DIHED      =         3.8619
 1-4 NB =         2.6376  1-4 EEL =        46.7057  VDWAALS    =      1464.1757
 EELEC  =    -10518.8743  EHBOND  =         0.0000  RESTRAINT  =         0.0000
 CMAP   =         0.1856
 Ewald error estimate:   0.2457E-03
 ------------------------------------------------------------------------------

 NMR restraints: Bond =    0.000   Angle =     0.000   Torsion =     0.000
===============================================================================

 NSTEP =     7500   TIME(PS) =      15.000  TEMP(K) =   237.78  PRESS =     0.0
 Etot   =     -7925.2862  EKtot   =      1003.6407  EPtot      =     -8928.9269
 BOND   =         2.2849  ANGLE   =         7.6429  DIHED      =         3.7951
 1-4 NB =         3.9199  1-4 EEL =        46.8399  VDWAALS    =      1512.0756
 EELEC  =    -10504.6308  EHBOND  =         0.0000  RESTRAINT  =         0.0000
 CMAP   =        -0.8544
 Ewald error estimate:   0.1622E-03
 ------------------------------------------------------------------------------

 NMR restraints: Bond =    0.000   Angle =     0.000   Torsion =     0.000
===============================================================================

 NSTEP =     7600   TIME(PS) =      15.200  TEMP(K) =   244.35  PRESS =     0.0
 Etot   =     -7919.1694  EKtot   =      1031.3454  EPtot      =     -8950.5148
 BOND   =         2.4685  ANGLE   =         4.8249  DIHED      =         4.1971
 1-4 NB =         3.5661  1-4 EEL =        45.6966  VDWAALS    =      1391.8842
 EELEC  =    -10403.4528  EHBOND  =         0.0000  RESTRAINT  =         0.0000
 CMAP   =         0.3006
 Ewald error estimate:   0.6476E-03
 ------------------------------------------------------------------------------

 NMR restraints: Bond =    0.000   Angle =     0.000   Torsion =     0.000
===============================================================================

 NSTEP =     7700   TIME(PS) =      15.400  TEMP(K) =   245.43  PRESS =     0.0
 Etot   =     -7865.4262  EKtot   =      1035.9128  EPtot      =     -8901.3390
 BOND   =         2.6490  ANGLE   =         6.6182  DIHED      =         4.1459
 1-4 NB =         3.5722  1-4 EEL =        45.3493  VDWAALS    =      1403.9017
 EELEC  =    -10367.2219  EHBOND  =         0.0000  RESTRAINT  =         0.0000
 CMAP   =        -0.3534
 Ewald error estimate:   0.8780E-04
 ------------------------------------------------------------------------------

 NMR restraints: Bond =    0.000   Angle =     0.000   Torsion =     0.000
===============================================================================

 NSTEP =     7800   TIME(PS) =      15.600  TEMP(K) =   241.35  PRESS =     0.0
 Etot   =     -7856.4784  EKtot   =      1018.6731  EPtot      =     -8875.1515
 BOND   =         3.0562  ANGLE   =         7.7539  DIHED      =         4.8866
 1-4 NB =         3.4236  1-4 EEL =        46.4664  VDWAALS    =      1461.7674
 EELEC  =    -10402.7647  EHBOND  =         0.0000  RESTRAINT  =         0.0000
 CMAP   =         0.2591
 Ewald error estimate:   0.2744E-03
 ------------------------------------------------------------------------------

 NMR restraints: Bond =    0.000   Angle =     0.000   Torsion =     0.000
===============================================================================

 NSTEP =     7900   TIME(PS) =      15.800  TEMP(K) =   251.43  PRESS =     0.0
 Etot   =     -7815.9048  EKtot   =      1061.2216  EPtot      =     -8877.1264
 BOND   =         4.4133  ANGLE   =         5.9466  DIHED      =         5.6696
 1-4 NB =         2.9230  1-4 EEL =        42.8721  VDWAALS    =      1508.3892
 EELEC  =    -10447.6622  EHBOND  =         0.0000  RESTRAINT  =         0.0000
 CMAP   =         0.3220
 Ewald error estimate:   0.7512E-04
 ------------------------------------------------------------------------------

 NMR restraints: Bond =    0.000   Angle =     0.000   Torsion =     0.000
===============================================================================

 NSTEP =     8000   TIME(PS) =      16.000  TEMP(K) =   255.77  PRESS =     0.0
 Etot   =     -7773.1152  EKtot   =      1079.5670  EPtot      =     -8852.6821
 BOND   =         1.4709  ANGLE   =         6.8142  DIHED      =         5.3726
 1-4 NB =         3.7746  1-4 EEL =        47.4716  VDWAALS    =      1419.5144
 EELEC  =    -10337.2533  EHBOND  =         0.0000  RESTRAINT  =         0.0000
 CMAP   =         0.1528
 Ewald error estimate:   0.5254E-03
 ------------------------------------------------------------------------------

 NMR restraints: Bond =    0.000   Angle =     0.000   Torsion =     0.000
===============================================================================

 NSTEP =     8100   TIME(PS) =      16.200  TEMP(K) =   254.79  PRESS =     0.0
 Etot   =     -7687.7626  EKtot   =      1075.3979  EPtot      =     -8763.1605
 BOND   =         3.7802  ANGLE   =         9.5571  DIHED      =         5.4653
 1-4 NB =         3.2964  1-4 EEL =        49.7025  VDWAALS    =      1358.1835
 EELEC  =    -10193.0056  EHBOND  =         0.0000  RESTRAINT  =         0.0000
 CMAP   =        -0.1399
 Ewald error estimate:   0.4726E-03
 ------------------------------------------------------------------------------

 NMR restraints: Bond =    0.000   Angle =     0.000   Torsion =     0.000
===============================================================================

 NSTEP =     8200   TIME(PS) =      16.400  TEMP(K) =   264.15  PRESS =     0.0
 Etot   =     -7635.7961  EKtot   =      1114.9401  EPtot      =     -8750.7363
 BOND   =         2.7477  ANGLE   =         7.8950  DIHED      =         5.1660
 1-4 NB =         4.6221  1-4 EEL =        46.1410  VDWAALS    =      1357.9279
 EELEC  =    -10175.2763  EHBOND  =         0.0000  RESTRAINT  =         0.0000
 CMAP   =         0.0403
 Ewald error estimate:   0.4481E-03
 ------------------------------------------------------------------------------

 NMR restraints: Bond =    0.000   Angle =     0.000   Torsion =     0.000
===============================================================================

 NSTEP =     8300   TIME(PS) =      16.600  TEMP(K) =   267.07  PRESS =     0.0
 Etot   =     -7575.8142  EKtot   =      1127.2378  EPtot      =     -8703.0519
 BOND   =         3.7940  ANGLE   =         6.2396  DIHED      =         5.9911
 1-4 NB =         4.3802  1-4 EEL =        45.4430  VDWAALS    =      1345.6433
 EELEC  =    -10113.6612  EHBOND  =         0.0000  RESTRAINT  =         0.0000
 CMAP   =        -0.8819
 Ewald error estimate:   0.3869E-03
 ------------------------------------------------------------------------------

 NMR restraints: Bond =    0.000   Angle =     0.000   Torsion =     0.000
===============================================================================

 NSTEP =     8400   TIME(PS) =      16.800  TEMP(K) =   265.82  PRESS =     0.0
 Etot   =     -7617.6951  EKtot   =      1121.9599  EPtot      =     -8739.6550
 BOND   =         5.2260  ANGLE   =        12.1254  DIHED      =         3.0334
 1-4 NB =         3.3119  1-4 EEL =        46.3033  VDWAALS    =      1379.9678
 EELEC  =    -10189.3118  EHBOND  =         0.0000  RESTRAINT  =         0.0000
 CMAP   =        -0.3111
 Ewald error estimate:   0.5205E-03
 ------------------------------------------------------------------------------

 NMR restraints: Bond =    0.000   Angle =     0.000   Torsion =     0.000
===============================================================================

 NSTEP =     8500   TIME(PS) =      17.000  TEMP(K) =   283.27  PRESS =     0.0
 Etot   =     -7567.3354  EKtot   =      1195.6105  EPtot      =     -8762.9460
 BOND   =         2.8611  ANGLE   =         7.4688  DIHED      =         3.6372
 1-4 NB =         3.2697  1-4 EEL =        45.2403  VDWAALS    =      1309.7296
 EELEC  =    -10135.4415  EHBOND  =         0.0000  RESTRAINT  =         0.0000
 CMAP   =         0.2889
 Ewald error estimate:   0.9213E-04
 ------------------------------------------------------------------------------

 NMR restraints: Bond =    0.000   Angle =     0.000   Torsion =     0.000
===============================================================================

 NSTEP =     8600   TIME(PS) =      17.200  TEMP(K) =   277.43  PRESS =     0.0
 Etot   =     -7519.7714  EKtot   =      1170.9768  EPtot      =     -8690.7482
 BOND   =         2.4510  ANGLE   =         9.7273  DIHED      =         6.8520
 1-4 NB =         3.4804  1-4 EEL =        44.5229  VDWAALS    =      1335.2209
 EELEC  =    -10092.6599  EHBOND  =         0.0000  RESTRAINT  =         0.0000
 CMAP   =        -0.3427
 Ewald error estimate:   0.6786E-03
 ------------------------------------------------------------------------------

 NMR restraints: Bond =    0.000   Angle =     0.000   Torsion =     0.000
===============================================================================

 NSTEP =     8700   TIME(PS) =      17.400  TEMP(K) =   280.65  PRESS =     0.0
 Etot   =     -7463.8938  EKtot   =      1184.5844  EPtot      =     -8648.4782
 BOND   =         3.1854  ANGLE   =         9.3402  DIHED      =         4.1160
 1-4 NB =         5.2340  1-4 EEL =        51.4705  VDWAALS    =      1311.4888
 EELEC  =    -10032.3495  EHBOND  =         0.0000  RESTRAINT  =         0.0000
 CMAP   =        -0.9637
 Ewald error estimate:   0.2114E-03
 ------------------------------------------------------------------------------

 NMR restraints: Bond =    0.000   Angle =     0.000   Torsion =     0.000
===============================================================================

 NSTEP =     8800   TIME(PS) =      17.600  TEMP(K) =   288.13  PRESS =     0.0
 Etot   =     -7416.8172  EKtot   =      1216.1289  EPtot      =     -8632.9461
 BOND   =         2.6878  ANGLE   =        13.7865  DIHED      =         3.9831
 1-4 NB =         3.6223  1-4 EEL =        46.7402  VDWAALS    =      1275.4622
 EELEC  =     -9978.9033  EHBOND  =         0.0000  RESTRAINT  =         0.0000
 CMAP   =        -0.3249
 Ewald error estimate:   0.4022E-03
 ------------------------------------------------------------------------------

 NMR restraints: Bond =    0.000   Angle =     0.000   Torsion =     0.000
===============================================================================

 NSTEP =     8900   TIME(PS) =      17.800  TEMP(K) =   285.94  PRESS =     0.0
 Etot   =     -7347.5813  EKtot   =      1206.8812  EPtot      =     -8554.4625
 BOND   =         3.9486  ANGLE   =         8.7348  DIHED      =         3.0152
 1-4 NB =         4.8933  1-4 EEL =        49.4750  VDWAALS    =      1245.2157
 EELEC  =     -9868.8672  EHBOND  =         0.0000  RESTRAINT  =         0.0000
 CMAP   =        -0.8779
 Ewald error estimate:   0.8967E-03
 ------------------------------------------------------------------------------

 NMR restraints: Bond =    0.000   Angle =     0.000   Torsion =     0.000
===============================================================================

 NSTEP =     9000   TIME(PS) =      18.000  TEMP(K) =   296.91  PRESS =     0.0
 Etot   =     -7337.3434  EKtot   =      1253.2138  EPtot      =     -8590.5572
 BOND   =         1.6604  ANGLE   =         5.7856  DIHED      =         4.0056
 1-4 NB =         3.9651  1-4 EEL =        49.0946  VDWAALS    =      1254.3036
 EELEC  =     -9909.8531  EHBOND  =         0.0000  RESTRAINT  =         0.0000
 CMAP   =         0.4810
 Ewald error estimate:   0.8072E-03
 ------------------------------------------------------------------------------

 NMR restraints: Bond =    0.000   Angle =     0.000   Torsion =     0.000
===============================================================================

 NSTEP =     9100   TIME(PS) =      18.200  TEMP(K) =   284.58  PRESS =     0.0
 Etot   =     -7323.9405  EKtot   =      1201.1611  EPtot      =     -8525.1016
 BOND   =         1.5635  ANGLE   =         4.0968  DIHED      =         4.7780
 1-4 NB =         3.7110  1-4 EEL =        50.5455  VDWAALS    =      1242.0642
 EELEC  =     -9832.6460  EHBOND  =         0.0000  RESTRAINT  =         0.0000
 CMAP   =         0.7853
 Ewald error estimate:   0.6219E-03
 ------------------------------------------------------------------------------

 NMR restraints: Bond =    0.000   Angle =     0.000   Torsion =     0.000
===============================================================================

 NSTEP =     9200   TIME(PS) =      18.400  TEMP(K) =   282.21  PRESS =     0.0
 Etot   =     -7324.0761  EKtot   =      1191.1498  EPtot      =     -8515.2259
 BOND   =         1.3281  ANGLE   =         6.1830  DIHED      =         4.7216
 1-4 NB =         3.6069  1-4 EEL =        47.9991  VDWAALS    =      1321.0617
 EELEC  =     -9900.1310  EHBOND  =         0.0000  RESTRAINT  =         0.0000
 CMAP   =         0.0049
 Ewald error estimate:   0.7292E-03
 ------------------------------------------------------------------------------

 NMR restraints: Bond =    0.000   Angle =     0.000   Torsion =     0.000
===============================================================================

 NSTEP =     9300   TIME(PS) =      18.600  TEMP(K) =   295.09  PRESS =     0.0
 Etot   =     -7216.7295  EKtot   =      1245.5310  EPtot      =     -8462.2605
 BOND   =         3.1307  ANGLE   =         9.4217  DIHED      =         4.0248
 1-4 NB =         3.3800  1-4 EEL =        46.2437  VDWAALS    =      1195.8772
 EELEC  =     -9724.2322  EHBOND  =         0.0000  RESTRAINT  =         0.0000
 CMAP   =        -0.1063
 Ewald error estimate:   0.5734E-04
 ------------------------------------------------------------------------------

 NMR restraints: Bond =    0.000   Angle =     0.000   Torsion =     0.000
===============================================================================

 NSTEP =     9400   TIME(PS) =      18.800  TEMP(K) =   296.89  PRESS =     0.0
 Etot   =     -7183.0654  EKtot   =      1253.1088  EPtot      =     -8436.1742
 BOND   =         1.1557  ANGLE   =         8.2379  DIHED      =         5.5504
 1-4 NB =         3.2017  1-4 EEL =        48.4930  VDWAALS    =      1343.9966
 EELEC  =     -9846.7519  EHBOND  =         0.0000  RESTRAINT  =         0.0000
 CMAP   =        -0.0576
 Ewald error estimate:   0.1641E-03
 ------------------------------------------------------------------------------

 NMR restraints: Bond =    0.000   Angle =     0.000   Torsion =     0.000
===============================================================================

 NSTEP =     9500   TIME(PS) =      19.000  TEMP(K) =   295.65  PRESS =     0.0
 Etot   =     -7234.0398  EKtot   =      1247.8859  EPtot      =     -8481.9257
 BOND   =         2.4155  ANGLE   =        14.4255  DIHED      =         3.9915
 1-4 NB =         2.7810  1-4 EEL =        49.3374  VDWAALS    =      1302.2948
 EELEC  =     -9857.3541  EHBOND  =         0.0000  RESTRAINT  =         0.0000
 CMAP   =         0.1826
 Ewald error estimate:   0.9352E-03
 ------------------------------------------------------------------------------

 NMR restraints: Bond =    0.000   Angle =     0.000   Torsion =     0.000
===============================================================================

 NSTEP =     9600   TIME(PS) =      19.200  TEMP(K) =   294.76  PRESS =     0.0
 Etot   =     -7238.5438  EKtot   =      1244.1236  EPtot      =     -8482.6674
 BOND   =         2.0868  ANGLE   =        11.8558  DIHED      =         4.3825
 1-4 NB =         3.3839  1-4 EEL =        47.5802  VDWAALS    =      1324.6972
 EELEC  =     -9875.3334  EHBOND  =         0.0000  RESTRAINT  =         0.0000
 CMAP   =        -1.3205
 Ewald error estimate:   0.1204E-03
 ------------------------------------------------------------------------------

 NMR restraints: Bond =    0.000   Angle =     0.000   Torsion =     0.000
===============================================================================

 NSTEP =     9700   TIME(PS) =      19.400  TEMP(K) =   298.04  PRESS =     0.0
 Etot   =     -7204.6188  EKtot   =      1257.9848  EPtot      =     -8462.6036
 BOND   =         2.1522  ANGLE   =        10.5916  DIHED      =         4.1990
 1-4 NB =         4.5657  1-4 EEL =        48.6334  VDWAALS    =      1232.0921
 EELEC  =     -9764.2722  EHBOND  =         0.0000  RESTRAINT  =         0.0000
 CMAP   =        -0.5654
 Ewald error estimate:   0.2814E-03
 ------------------------------------------------------------------------------

 NMR restraints: Bond =    0.000   Angle =     0.000   Torsion =     0.000
===============================================================================

 NSTEP =     9800   TIME(PS) =      19.600  TEMP(K) =   303.28  PRESS =     0.0
 Etot   =     -7126.1389  EKtot   =      1280.1018  EPtot      =     -8406.2407
 BOND   =         6.7622  ANGLE   =         9.9330  DIHED      =         4.1692
 1-4 NB =         4.0452  1-4 EEL =        46.1103  VDWAALS    =      1222.9078
 EELEC  =     -9700.3837  EHBOND  =         0.0000  RESTRAINT  =         0.0000
 CMAP   =         0.2154
 Ewald error estimate:   0.5293E-04
 ------------------------------------------------------------------------------

 NMR restraints: Bond =    0.000   Angle =     0.000   Torsion =     0.000
===============================================================================

 NSTEP =     9900   TIME(PS) =      19.800  TEMP(K) =   294.03  PRESS =     0.0
 Etot   =     -7159.9264  EKtot   =      1241.0382  EPtot      =     -8400.9646
 BOND   =         2.3338  ANGLE   =         7.6885  DIHED      =         5.1496
 1-4 NB =         2.8763  1-4 EEL =        48.0516  VDWAALS    =      1236.6822
 EELEC  =     -9704.3421  EHBOND  =         0.0000  RESTRAINT  =         0.0000
 CMAP   =         0.5954
 Ewald error estimate:   0.3544E-03
 ------------------------------------------------------------------------------

 NMR restraints: Bond =    0.000   Angle =     0.000   Torsion =     0.000
===============================================================================

 NSTEP =    10000   TIME(PS) =      20.000  TEMP(K) =   301.00  PRESS =     0.0
 Etot   =     -7141.9349  EKtot   =      1270.4753  EPtot      =     -8412.4102
 BOND   =         3.3285  ANGLE   =         4.6310  DIHED      =         4.0653
 1-4 NB =         2.8806  1-4 EEL =        47.3680  VDWAALS    =      1238.4474
 EELEC  =     -9713.1214  EHBOND  =         0.0000  RESTRAINT  =         0.0000
 CMAP   =        -0.0096
 Ewald error estimate:   0.5885E-03
 ------------------------------------------------------------------------------

 NMR restraints: Bond =    0.000   Angle =     0.000   Torsion =     0.000
===============================================================================

      A V E R A G E S   O V E R   10000 S T E P S


 NSTEP =    10000   TIME(PS) =      20.000  TEMP(K) =   159.00  PRESS =     0.0
 Etot   =     -8575.7172  EKtot   =       671.1113  EPtot      =     -9246.8285
 BOND   =         1.9012  ANGLE   =         5.3243  DIHED      =         3.8336
 1-4 NB =         3.2508  1-4 EEL =        46.1878  VDWAALS    =      1483.4961
 EELEC  =    -10790.4558  EHBOND  =         0.0000  RESTRAINT  =         0.0000
 CMAP   =        -0.3664
 Ewald error estimate:   0.3869E-03
 ------------------------------------------------------------------------------

 NMR restraints: Bond =    0.000   Angle =     0.000   Torsion =     0.000
===============================================================================

      R M S  F L U C T U A T I O N S


 NSTEP =    10000   TIME(PS) =      20.000  TEMP(K) =    90.92  PRESS =     0.0
 Etot   =       795.5597  EKtot   =       383.7430  EPtot      =       418.7964
 BOND   =         1.3023  ANGLE   =         3.0349  DIHED      =         0.9972
 1-4 NB =         0.6280  1-4 EEL =         1.6295  VDWAALS    =       119.2233
 EELEC  =       515.2507  EHBOND  =         0.0000  RESTRAINT  =         0.0000
 CMAP   =         0.3655
 Ewald error estimate:   0.2768E-03
 ------------------------------------------------------------------------------


 NMR restraints on final step:


--------------------------------------------------------------------------------
   5.  TIMINGS
--------------------------------------------------------------------------------

|                Build the list             8.99 (99.22% of List )
|                Other                      0.07 ( 0.78% of List )
|             List time                  9.06 ( 4.91% of Nonbo)
|                   Short_ene time           141.80 (99.43% of Direc)
|                   Other                      0.82 ( 0.57% of Direc)
|                Direct Ewald time        142.62 (81.37% of Ewald)
|                Adjust Ewald time          1.30 ( 0.74% of Ewald)
|                   Fill Bspline coeffs        1.06 ( 3.59% of Recip)
|                   Fill charge grid           3.21 (10.82% of Recip)
|                   Scalar sum                11.41 (38.47% of Recip)
|                   Grad sum                   5.52 (18.60% of Recip)
|                   FFT time                   8.46 (28.51% of Recip)
|                   Other                      0.00 ( 0.01% of Recip)
|                Recip Ewald time          29.66 (16.92% of Ewald)
|                Force Adjust               0.04 ( 0.02% of Ewald)
|                Virial junk                0.07 ( 0.04% of Ewald)
|                Other                      1.57 ( 0.90% of Ewald)
|             Ewald time               175.27 (95.08% of Nonbo)
|          Nonbond force            184.33 (99.88% of Force)
|          Bond/Angle/Dihedral        0.18 ( 0.10% of Force)
|          Other                      0.04 ( 0.02% of Force)
|       Force time               184.55 (96.41% of Runmd)
|       Shake time                 0.96 ( 0.50% of Runmd)
|       Verlet update time         5.87 ( 3.06% of Runmd)
|       Other                      0.04 ( 0.02% of Runmd)
|    Runmd Time               191.42 (100.0% of Total)
|    Other                      0.04 ( 0.02% of Total)
| Total time               191.46 (100.0% of ALL  )

| Number of list builds   :        368

| Highest rstack allocated:     153484
| Highest istack allocated:       2818

| Final Performance Info:
| -----------------------------------------------------
| Average timings for all steps:
|     Elapsed(s) =     191.42 Per Step(ms) =      19.14
|         ns/day =       9.03   seconds/ns =    9570.98
| -----------------------------------------------------

|           Job began  at 20:04:27.388  on 07/24/2020
|           Setup done at 20:04:27.425  on 07/24/2020
|           Run   done at 20:07:38.845  on 07/24/2020
|     wallclock() was called  440887 times

|3D-RISM memory allocation summary
|Type          Maximum        Current   
|Integer       0.00000 GB     0.00000 GB
|Real          0.00000 GB     0.00000 GB
|Logical       0.00000 GB     0.00000 GB
|Character     0.00000 GB     0.00000 GB
|---------------------------------------
|Total         0.00000 GB     0.00000 GB
